<?xml version="1.0" encoding="UTF-8" ?>
<testsuite failures="0" time="0.428" errors="0" skipped="0" tests="1" name="org.coder.study.maven.spring.hello.AppTest">
  <properties>
    <property name="java.runtime.name" value="Java(TM) SE Runtime Environment"/>
    <property name="sun.boot.library.path" value="D:\dev\java\64\jdk7\jre\bin"/>
    <property name="java.vm.version" value="23.5-b02"/>
    <property name="java.vm.vendor" value="Oracle Corporation"/>
    <property name="java.vendor.url" value="http://java.oracle.com/"/>
    <property name="path.separator" value=";"/>
    <property name="guice.disable.misplaced.annotation.check" value="true"/>
    <property name="java.vm.name" value="Java HotSpot(TM) 64-Bit Server VM"/>
    <property name="file.encoding.pkg" value="sun.io"/>
    <property name="user.script" value=""/>
    <property name="user.country" value="CN"/>
    <property name="sun.java.launcher" value="SUN_STANDARD"/>
    <property name="sun.os.patch.level" value="Service Pack 1"/>
    <property name="java.vm.specification.name" value="Java Virtual Machine Specification"/>
    <property name="user.dir" value="G:\Users\suifeng\Documents\GitHub\study\hello-spring"/>
    <property name="java.runtime.version" value="1.7.0_09-b05"/>
    <property name="java.awt.graphicsenv" value="sun.awt.Win32GraphicsEnvironment"/>
    <property name="java.endorsed.dirs" value="D:\dev\java\64\jdk7\jre\lib\endorsed"/>
    <property name="os.arch" value="amd64"/>
    <property name="java.io.tmpdir" value="G:\Users\suifeng\AppData\Local\Temp\"/>
    <property name="line.separator" value="
"/>
    <property name="java.vm.specification.vendor" value="Oracle Corporation"/>
    <property name="user.variant" value=""/>
    <property name="os.name" value="Windows 7"/>
    <property name="classworlds.conf" value="E:\project\dev\coder\workspace\.metadata\.plugins\org.eclipse.m2e.launching\launches\m2conf8562653351862021605.tmp"/>
    <property name="sun.jnu.encoding" value="GBK"/>
    <property name="java.library.path" value="D:\dev\java\64\jdk7\bin;G:\Windows\Sun\Java\bin;G:\Windows\system32;G:\Windows;D:/dev/java/64/jdk7/bin/../jre/bin/server;D:/dev/java/64/jdk7/bin/../jre/bin;D:/dev/java/64/jdk7/bin/../jre/lib/amd64;D:\dev\java\64\jdk7\bin;G:\Program Files (x86)\Common Files\NetSarang;K:\dev\server\oracle\product\11.2.0\dbhome_1\bin;G:\Windows\system32;G:\Windows;G:\Windows\System32\Wbem;G:\Windows\System32\WindowsPowerShell\v1.0\;G:\Program Files (x86)\Intel\OpenCL SDK\3.0\bin\x86;G:\Program Files (x86)\Intel\OpenCL SDK\3.0\bin\x64;G:\Program Files\ThinkPad\Bluetooth Software\;G:\Program Files\ThinkPad\Bluetooth Software\syswow64;c:\Windows;c:\Windows\System32;G:\Program Files\TortoiseSVN\bin;k:\MATLAB7\bin\win32;G:\Program Files (x86)\QuickTime\QTSystem\;k:\modeltech_10.1a\win32;E:\project\dev\coder\eclipse-jee-kepler-SR1-win32-x86_64\eclipse;;."/>
    <property name="java.specification.name" value="Java Platform API Specification"/>
    <property name="java.class.version" value="51.0"/>
    <property name="sun.management.compiler" value="HotSpot 64-Bit Tiered Compilers"/>
    <property name="os.version" value="6.1"/>
    <property name="user.home" value="G:\Users\suifeng"/>
    <property name="user.timezone" value="GMT+08:00"/>
    <property name="java.awt.printerjob" value="sun.awt.windows.WPrinterJob"/>
    <property name="java.specification.version" value="1.7"/>
    <property name="file.encoding" value="GBK"/>
    <property name="user.name" value="suifeng"/>
    <property name="java.class.path" value="/E:/project/dev/coder/eclipse-jee-kepler-SR1-win32-x86_64/eclipse/configuration/org.eclipse.osgi/bundles/531/1/.cp/jars/plexus-classworlds-2.4.jar"/>
    <property name="java.vm.specification.version" value="1.7"/>
    <property name="sun.arch.data.model" value="64"/>
    <property name="java.home" value="D:\dev\java\64\jdk7\jre"/>
    <property name="sun.java.command" value="org.codehaus.plexus.classworlds.launcher.Launcher -B test"/>
    <property name="java.specification.vendor" value="Oracle Corporation"/>
    <property name="user.language" value="zh"/>
    <property name="awt.toolkit" value="sun.awt.windows.WToolkit"/>
    <property name="java.vm.info" value="mixed mode"/>
    <property name="java.version" value="1.7.0_09"/>
    <property name="java.ext.dirs" value="D:\dev\java\64\jdk7\jre\lib\ext;G:\Windows\Sun\Java\lib\ext"/>
    <property name="sun.boot.class.path" value="D:\dev\java\64\jdk7\jre\lib\resources.jar;D:\dev\java\64\jdk7\jre\lib\rt.jar;D:\dev\java\64\jdk7\jre\lib\sunrsasign.jar;D:\dev\java\64\jdk7\jre\lib\jsse.jar;D:\dev\java\64\jdk7\jre\lib\jce.jar;D:\dev\java\64\jdk7\jre\lib\charsets.jar;D:\dev\java\64\jdk7\jre\lib\jfr.jar;D:\dev\java\64\jdk7\jre\classes"/>
    <property name="java.vendor" value="Oracle Corporation"/>
    <property name="maven.home" value="G:\Users\suifeng\Documents\GitHub\study\hello-spring\EMBEDDED"/>
    <property name="file.separator" value="\"/>
    <property name="java.vendor.url.bug" value="http://bugreport.sun.com/bugreport/"/>
    <property name="maven.bootclasspath" value="/E:/project/dev/coder/eclipse-jee-kepler-SR1-win32-x86_64/eclipse/configuration/org.eclipse.osgi/bundles/531/1/.cp/jars/plexus-classworlds-2.4.jar"/>
    <property name="sun.cpu.endian" value="little"/>
    <property name="sun.io.unicode.encoding" value="UnicodeLittle"/>
    <property name="sun.desktop" value="windows"/>
    <property name="sun.cpu.isalist" value="amd64"/>
  </properties>
  <testcase time="0.424" classname="org.coder.study.maven.spring.hello.AppTest" name="testApp"/>
</testsuite>